2022/05/12 04:40:09 [emerg] 1#1: open() "/var/log/nginx/heaven_website/access.log" failed (2: No such file or directory)
2022/05/12 04:42:03 [emerg] 1#1: open() "/var/log/nginx/heaven_website/access.log" failed (2: No such file or directory)
2022/05/12 04:44:43 [emerg] 1#1: open() "/var/log/nginx/heaven_website/access.log" failed (2: No such file or directory)
2022/05/12 05:49:33 [emerg] 1#1: open() "/var/log/nginx/heaven_website/access.log" failed (2: No such file or directory)
2022/05/12 05:50:57 [notice] 1#1: using the "epoll" event method
2022/05/12 05:50:57 [notice] 1#1: nginx/1.21.6
2022/05/12 05:50:57 [notice] 1#1: built by gcc 10.2.1 20210110 (Debian 10.2.1-6) 
2022/05/12 05:50:57 [notice] 1#1: OS: Linux 5.10.102.1-microsoft-standard-WSL2
2022/05/12 05:50:57 [notice] 1#1: getrlimit(RLIMIT_NOFILE): 1048576:1048576
2022/05/12 05:50:57 [notice] 1#1: start worker processes
2022/05/12 05:50:57 [notice] 1#1: start worker process 22
2022/05/12 05:50:57 [notice] 1#1: start worker process 23
2022/05/12 05:50:57 [notice] 1#1: start worker process 24
2022/05/12 05:50:57 [notice] 1#1: start worker process 25
2022/05/12 05:50:57 [notice] 1#1: start worker process 26
2022/05/12 05:50:57 [notice] 1#1: start worker process 27
2022/05/12 05:50:57 [notice] 1#1: start worker process 28
2022/05/12 05:50:57 [notice] 1#1: start worker process 29
2022/05/12 05:50:57 [notice] 1#1: start worker process 30
2022/05/12 05:50:57 [notice] 1#1: start worker process 31
2022/05/12 05:50:57 [notice] 1#1: start worker process 32
2022/05/12 05:50:57 [notice] 1#1: start worker process 33
2022/05/12 05:50:57 [notice] 1#1: start worker process 34
2022/05/12 05:50:57 [notice] 1#1: start worker process 35
2022/05/12 05:50:57 [notice] 1#1: start worker process 36
2022/05/12 05:50:57 [notice] 1#1: start worker process 37
2022/05/12 05:52:10 [notice] 1#1: signal 3 (SIGQUIT) received, shutting down
2022/05/12 05:52:10 [notice] 22#22: gracefully shutting down
2022/05/12 05:52:10 [notice] 33#33: gracefully shutting down
2022/05/12 05:52:10 [notice] 23#23: gracefully shutting down
2022/05/12 05:52:10 [notice] 24#24: gracefully shutting down
2022/05/12 05:52:10 [notice] 25#25: gracefully shutting down
2022/05/12 05:52:10 [notice] 26#26: gracefully shutting down
2022/05/12 05:52:10 [notice] 27#27: gracefully shutting down
2022/05/12 05:52:10 [notice] 29#29: gracefully shutting down
2022/05/12 05:52:10 [notice] 28#28: gracefully shutting down
2022/05/12 05:52:10 [notice] 30#30: gracefully shutting down
2022/05/12 05:52:10 [notice] 31#31: gracefully shutting down
2022/05/12 05:52:10 [notice] 32#32: gracefully shutting down
2022/05/12 05:52:10 [notice] 34#34: gracefully shutting down
2022/05/12 05:52:10 [notice] 35#35: gracefully shutting down
2022/05/12 05:52:10 [notice] 36#36: gracefully shutting down
2022/05/12 05:52:10 [notice] 37#37: gracefully shutting down
2022/05/12 05:52:10 [notice] 22#22: exiting
2022/05/12 05:52:10 [notice] 33#33: exiting
2022/05/12 05:52:10 [notice] 23#23: exiting
2022/05/12 05:52:10 [notice] 24#24: exiting
2022/05/12 05:52:10 [notice] 25#25: exiting
2022/05/12 05:52:10 [notice] 26#26: exiting
2022/05/12 05:52:10 [notice] 27#27: exiting
2022/05/12 05:52:10 [notice] 29#29: exiting
2022/05/12 05:52:10 [notice] 28#28: exiting
2022/05/12 05:52:10 [notice] 30#30: exiting
2022/05/12 05:52:10 [notice] 31#31: exiting
2022/05/12 05:52:10 [notice] 32#32: exiting
2022/05/12 05:52:10 [notice] 34#34: exiting
2022/05/12 05:52:10 [notice] 35#35: exiting
2022/05/12 05:52:10 [notice] 36#36: exiting
2022/05/12 05:52:10 [notice] 37#37: exiting
2022/05/12 05:52:10 [notice] 22#22: exit
2022/05/12 05:52:10 [notice] 33#33: exit
2022/05/12 05:52:10 [notice] 23#23: exit
2022/05/12 05:52:10 [notice] 24#24: exit
2022/05/12 05:52:10 [notice] 25#25: exit
2022/05/12 05:52:10 [notice] 26#26: exit
2022/05/12 05:52:10 [notice] 27#27: exit
2022/05/12 05:52:10 [notice] 29#29: exit
2022/05/12 05:52:10 [notice] 28#28: exit
2022/05/12 05:52:10 [notice] 30#30: exit
2022/05/12 05:52:10 [notice] 31#31: exit
2022/05/12 05:52:10 [notice] 32#32: exit
2022/05/12 05:52:10 [notice] 34#34: exit
2022/05/12 05:52:10 [notice] 35#35: exit
2022/05/12 05:52:10 [notice] 36#36: exit
2022/05/12 05:52:10 [notice] 37#37: exit
2022/05/12 05:52:10 [notice] 1#1: signal 17 (SIGCHLD) received from 30
2022/05/12 05:52:10 [notice] 1#1: worker process 27 exited with code 0
2022/05/12 05:52:10 [notice] 1#1: worker process 30 exited with code 0
2022/05/12 05:52:10 [notice] 1#1: worker process 36 exited with code 0
2022/05/12 05:52:10 [notice] 1#1: worker process 37 exited with code 0
2022/05/12 05:52:10 [notice] 1#1: signal 29 (SIGIO) received
2022/05/12 05:52:10 [notice] 1#1: signal 17 (SIGCHLD) received from 36
2022/05/12 05:52:10 [notice] 1#1: signal 17 (SIGCHLD) received from 29
2022/05/12 05:52:10 [notice] 1#1: worker process 22 exited with code 0
2022/05/12 05:52:10 [notice] 1#1: worker process 26 exited with code 0
2022/05/12 05:52:10 [notice] 1#1: worker process 28 exited with code 0
2022/05/12 05:52:10 [notice] 1#1: worker process 29 exited with code 0
2022/05/12 05:52:10 [notice] 1#1: worker process 32 exited with code 0
2022/05/12 05:52:10 [notice] 1#1: worker process 34 exited with code 0
2022/05/12 05:52:10 [notice] 1#1: signal 29 (SIGIO) received
2022/05/12 05:52:10 [notice] 1#1: signal 17 (SIGCHLD) received from 28
2022/05/12 05:52:10 [notice] 1#1: signal 17 (SIGCHLD) received from 31
2022/05/12 05:52:10 [notice] 1#1: worker process 31 exited with code 0
2022/05/12 05:52:10 [notice] 1#1: worker process 33 exited with code 0
2022/05/12 05:52:10 [notice] 1#1: worker process 35 exited with code 0
2022/05/12 05:52:10 [notice] 1#1: signal 29 (SIGIO) received
2022/05/12 05:52:10 [notice] 1#1: signal 17 (SIGCHLD) received from 33
2022/05/12 05:52:10 [notice] 1#1: signal 17 (SIGCHLD) received from 25
2022/05/12 05:52:10 [notice] 1#1: worker process 25 exited with code 0
2022/05/12 05:52:10 [notice] 1#1: signal 29 (SIGIO) received
2022/05/12 05:52:10 [notice] 1#1: signal 17 (SIGCHLD) received from 24
2022/05/12 05:52:10 [notice] 1#1: worker process 23 exited with code 0
2022/05/12 05:52:10 [notice] 1#1: worker process 24 exited with code 0
2022/05/12 05:52:10 [notice] 1#1: exit
2022/05/12 05:52:13 [notice] 1#1: using the "epoll" event method
2022/05/12 05:52:13 [notice] 1#1: nginx/1.21.6
2022/05/12 05:52:13 [notice] 1#1: built by gcc 10.2.1 20210110 (Debian 10.2.1-6) 
2022/05/12 05:52:13 [notice] 1#1: OS: Linux 5.10.102.1-microsoft-standard-WSL2
2022/05/12 05:52:13 [notice] 1#1: getrlimit(RLIMIT_NOFILE): 1048576:1048576
2022/05/12 05:52:13 [notice] 1#1: start worker processes
2022/05/12 05:52:13 [notice] 1#1: start worker process 22
2022/05/12 05:52:13 [notice] 1#1: start worker process 23
2022/05/12 05:52:13 [notice] 1#1: start worker process 24
2022/05/12 05:52:13 [notice] 1#1: start worker process 25
2022/05/12 05:52:13 [notice] 1#1: start worker process 26
2022/05/12 05:52:13 [notice] 1#1: start worker process 27
2022/05/12 05:52:13 [notice] 1#1: start worker process 28
2022/05/12 05:52:13 [notice] 1#1: start worker process 29
2022/05/12 05:52:13 [notice] 1#1: start worker process 30
2022/05/12 05:52:13 [notice] 1#1: start worker process 31
2022/05/12 05:52:13 [notice] 1#1: start worker process 32
2022/05/12 05:52:13 [notice] 1#1: start worker process 33
2022/05/12 05:52:13 [notice] 1#1: start worker process 34
2022/05/12 05:52:13 [notice] 1#1: start worker process 35
2022/05/12 05:52:13 [notice] 1#1: start worker process 36
2022/05/12 05:52:13 [notice] 1#1: start worker process 37
2022/05/12 05:52:34 [notice] 1#1: signal 3 (SIGQUIT) received, shutting down
2022/05/12 05:52:34 [notice] 22#22: gracefully shutting down
2022/05/12 05:52:34 [notice] 23#23: gracefully shutting down
2022/05/12 05:52:34 [notice] 36#36: gracefully shutting down
2022/05/12 05:52:34 [notice] 24#24: gracefully shutting down
2022/05/12 05:52:34 [notice] 25#25: gracefully shutting down
2022/05/12 05:52:34 [notice] 26#26: gracefully shutting down
2022/05/12 05:52:34 [notice] 27#27: gracefully shutting down
2022/05/12 05:52:34 [notice] 28#28: gracefully shutting down
2022/05/12 05:52:34 [notice] 29#29: gracefully shutting down
2022/05/12 05:52:34 [notice] 30#30: gracefully shutting down
2022/05/12 05:52:34 [notice] 31#31: gracefully shutting down
2022/05/12 05:52:34 [notice] 32#32: gracefully shutting down
2022/05/12 05:52:34 [notice] 33#33: gracefully shutting down
2022/05/12 05:52:34 [notice] 22#22: exiting
2022/05/12 05:52:34 [notice] 34#34: gracefully shutting down
2022/05/12 05:52:34 [notice] 35#35: gracefully shutting down
2022/05/12 05:52:34 [notice] 23#23: exiting
2022/05/12 05:52:34 [notice] 37#37: gracefully shutting down
2022/05/12 05:52:34 [notice] 36#36: exiting
2022/05/12 05:52:34 [notice] 24#24: exiting
2022/05/12 05:52:34 [notice] 25#25: exiting
2022/05/12 05:52:34 [notice] 26#26: exiting
2022/05/12 05:52:34 [notice] 27#27: exiting
2022/05/12 05:52:34 [notice] 28#28: exiting
2022/05/12 05:52:34 [notice] 29#29: exiting
2022/05/12 05:52:34 [notice] 30#30: exiting
2022/05/12 05:52:34 [notice] 31#31: exiting
2022/05/12 05:52:34 [notice] 32#32: exiting
2022/05/12 05:52:34 [notice] 33#33: exiting
2022/05/12 05:52:34 [notice] 22#22: exit
2022/05/12 05:52:34 [notice] 34#34: exiting
2022/05/12 05:52:34 [notice] 35#35: exiting
2022/05/12 05:52:34 [notice] 23#23: exit
2022/05/12 05:52:34 [notice] 37#37: exiting
2022/05/12 05:52:34 [notice] 36#36: exit
2022/05/12 05:52:34 [notice] 24#24: exit
2022/05/12 05:52:34 [notice] 25#25: exit
2022/05/12 05:52:34 [notice] 26#26: exit
2022/05/12 05:52:34 [notice] 27#27: exit
2022/05/12 05:52:34 [notice] 28#28: exit
2022/05/12 05:52:34 [notice] 29#29: exit
2022/05/12 05:52:34 [notice] 30#30: exit
2022/05/12 05:52:34 [notice] 31#31: exit
2022/05/12 05:52:34 [notice] 32#32: exit
2022/05/12 05:52:34 [notice] 33#33: exit
2022/05/12 05:52:34 [notice] 34#34: exit
2022/05/12 05:52:34 [notice] 35#35: exit
2022/05/12 05:52:34 [notice] 37#37: exit
2022/05/12 05:52:35 [notice] 1#1: signal 17 (SIGCHLD) received from 37
2022/05/12 05:52:35 [notice] 1#1: worker process 26 exited with code 0
2022/05/12 05:52:35 [notice] 1#1: worker process 31 exited with code 0
2022/05/12 05:52:35 [notice] 1#1: worker process 32 exited with code 0
2022/05/12 05:52:35 [notice] 1#1: worker process 36 exited with code 0
2022/05/12 05:52:35 [notice] 1#1: worker process 37 exited with code 0
2022/05/12 05:52:35 [notice] 1#1: signal 29 (SIGIO) received
2022/05/12 05:52:35 [notice] 1#1: signal 17 (SIGCHLD) received from 28
2022/05/12 05:52:35 [notice] 1#1: worker process 28 exited with code 0
2022/05/12 05:52:35 [notice] 1#1: signal 29 (SIGIO) received
2022/05/12 05:52:35 [notice] 1#1: signal 17 (SIGCHLD) received from 30
2022/05/12 05:52:35 [notice] 1#1: worker process 30 exited with code 0
2022/05/12 05:52:35 [notice] 1#1: signal 29 (SIGIO) received
2022/05/12 05:52:35 [notice] 1#1: signal 17 (SIGCHLD) received from 35
2022/05/12 05:52:35 [notice] 1#1: worker process 22 exited with code 0
2022/05/12 05:52:35 [notice] 1#1: worker process 23 exited with code 0
2022/05/12 05:52:35 [notice] 1#1: worker process 24 exited with code 0
2022/05/12 05:52:35 [notice] 1#1: worker process 25 exited with code 0
2022/05/12 05:52:35 [notice] 1#1: worker process 27 exited with code 0
2022/05/12 05:52:35 [notice] 1#1: worker process 29 exited with code 0
2022/05/12 05:52:35 [notice] 1#1: worker process 34 exited with code 0
2022/05/12 05:52:35 [notice] 1#1: worker process 35 exited with code 0
2022/05/12 05:52:35 [notice] 1#1: signal 29 (SIGIO) received
2022/05/12 05:52:35 [notice] 1#1: signal 17 (SIGCHLD) received from 23
2022/05/12 05:52:35 [notice] 1#1: signal 17 (SIGCHLD) received from 33
2022/05/12 05:52:35 [notice] 1#1: worker process 33 exited with code 0
2022/05/12 05:52:35 [notice] 1#1: exit
2022/05/12 05:52:39 [notice] 1#1: using the "epoll" event method
2022/05/12 05:52:39 [notice] 1#1: nginx/1.21.6
2022/05/12 05:52:39 [notice] 1#1: built by gcc 10.2.1 20210110 (Debian 10.2.1-6) 
2022/05/12 05:52:39 [notice] 1#1: OS: Linux 5.10.102.1-microsoft-standard-WSL2
2022/05/12 05:52:39 [notice] 1#1: getrlimit(RLIMIT_NOFILE): 1048576:1048576
2022/05/12 05:52:39 [notice] 1#1: start worker processes
2022/05/12 05:52:39 [notice] 1#1: start worker process 23
2022/05/12 05:52:39 [notice] 1#1: start worker process 24
2022/05/12 05:52:39 [notice] 1#1: start worker process 25
2022/05/12 05:52:39 [notice] 1#1: start worker process 26
2022/05/12 05:52:39 [notice] 1#1: start worker process 27
2022/05/12 05:52:39 [notice] 1#1: start worker process 28
2022/05/12 05:52:39 [notice] 1#1: start worker process 29
2022/05/12 05:52:39 [notice] 1#1: start worker process 30
2022/05/12 05:52:39 [notice] 1#1: start worker process 31
2022/05/12 05:52:39 [notice] 1#1: start worker process 32
2022/05/12 05:52:39 [notice] 1#1: start worker process 33
2022/05/12 05:52:39 [notice] 1#1: start worker process 34
2022/05/12 05:52:39 [notice] 1#1: start worker process 35
2022/05/12 05:52:39 [notice] 1#1: start worker process 36
2022/05/12 05:52:39 [notice] 1#1: start worker process 37
2022/05/12 05:52:39 [notice] 1#1: start worker process 38
2022/05/12 05:53:52 [notice] 1#1: signal 3 (SIGQUIT) received, shutting down
2022/05/12 05:53:52 [notice] 23#23: gracefully shutting down
2022/05/12 05:53:52 [notice] 38#38: gracefully shutting down
2022/05/12 05:53:52 [notice] 25#25: gracefully shutting down
2022/05/12 05:53:52 [notice] 24#24: gracefully shutting down
2022/05/12 05:53:52 [notice] 24#24: exiting
2022/05/12 05:53:52 [notice] 26#26: gracefully shutting down
2022/05/12 05:53:52 [notice] 27#27: gracefully shutting down
2022/05/12 05:53:52 [notice] 28#28: gracefully shutting down
2022/05/12 05:53:52 [notice] 29#29: gracefully shutting down
2022/05/12 05:53:52 [notice] 30#30: gracefully shutting down
2022/05/12 05:53:52 [notice] 31#31: gracefully shutting down
2022/05/12 05:53:52 [notice] 32#32: gracefully shutting down
2022/05/12 05:53:52 [notice] 33#33: gracefully shutting down
2022/05/12 05:53:52 [notice] 34#34: gracefully shutting down
2022/05/12 05:53:52 [notice] 35#35: gracefully shutting down
2022/05/12 05:53:52 [notice] 36#36: gracefully shutting down
2022/05/12 05:53:52 [notice] 37#37: gracefully shutting down
2022/05/12 05:53:52 [notice] 23#23: exiting
2022/05/12 05:53:52 [notice] 38#38: exiting
2022/05/12 05:53:52 [notice] 25#25: exiting
2022/05/12 05:53:52 [notice] 24#24: exit
2022/05/12 05:53:52 [notice] 26#26: exiting
2022/05/12 05:53:52 [notice] 27#27: exiting
2022/05/12 05:53:52 [notice] 28#28: exiting
2022/05/12 05:53:52 [notice] 29#29: exiting
2022/05/12 05:53:52 [notice] 30#30: exiting
2022/05/12 05:53:52 [notice] 31#31: exiting
2022/05/12 05:53:52 [notice] 32#32: exiting
2022/05/12 05:53:52 [notice] 33#33: exiting
2022/05/12 05:53:52 [notice] 34#34: exiting
2022/05/12 05:53:52 [notice] 35#35: exiting
2022/05/12 05:53:52 [notice] 36#36: exiting
2022/05/12 05:53:52 [notice] 37#37: exiting
2022/05/12 05:53:52 [notice] 23#23: exit
2022/05/12 05:53:52 [notice] 38#38: exit
2022/05/12 05:53:52 [notice] 25#25: exit
2022/05/12 05:53:52 [notice] 26#26: exit
2022/05/12 05:53:52 [notice] 27#27: exit
2022/05/12 05:53:52 [notice] 28#28: exit
2022/05/12 05:53:52 [notice] 29#29: exit
2022/05/12 05:53:52 [notice] 30#30: exit
2022/05/12 05:53:52 [notice] 31#31: exit
2022/05/12 05:53:52 [notice] 32#32: exit
2022/05/12 05:53:52 [notice] 33#33: exit
2022/05/12 05:53:52 [notice] 34#34: exit
2022/05/12 05:53:52 [notice] 35#35: exit
2022/05/12 05:53:52 [notice] 36#36: exit
2022/05/12 05:53:52 [notice] 37#37: exit
2022/05/12 05:53:52 [notice] 1#1: signal 17 (SIGCHLD) received from 32
2022/05/12 05:53:52 [notice] 1#1: worker process 23 exited with code 0
2022/05/12 05:53:52 [notice] 1#1: worker process 26 exited with code 0
2022/05/12 05:53:52 [notice] 1#1: worker process 27 exited with code 0
2022/05/12 05:53:52 [notice] 1#1: worker process 30 exited with code 0
2022/05/12 05:53:52 [notice] 1#1: worker process 32 exited with code 0
2022/05/12 05:53:52 [notice] 1#1: worker process 35 exited with code 0
2022/05/12 05:53:53 [notice] 1#1: signal 29 (SIGIO) received
2022/05/12 05:53:53 [notice] 1#1: signal 17 (SIGCHLD) received from 26
2022/05/12 05:53:53 [notice] 1#1: signal 17 (SIGCHLD) received from 28
2022/05/12 05:53:53 [notice] 1#1: worker process 28 exited with code 0
2022/05/12 05:53:53 [notice] 1#1: signal 29 (SIGIO) received
2022/05/12 05:53:53 [notice] 1#1: signal 17 (SIGCHLD) received from 24
2022/05/12 05:53:53 [notice] 1#1: worker process 24 exited with code 0
2022/05/12 05:53:53 [notice] 1#1: worker process 36 exited with code 0
2022/05/12 05:53:53 [notice] 1#1: signal 29 (SIGIO) received
2022/05/12 05:53:53 [notice] 1#1: signal 17 (SIGCHLD) received from 37
2022/05/12 05:53:53 [notice] 1#1: worker process 25 exited with code 0
2022/05/12 05:53:53 [notice] 1#1: worker process 29 exited with code 0
2022/05/12 05:53:53 [notice] 1#1: worker process 31 exited with code 0
2022/05/12 05:53:53 [notice] 1#1: worker process 33 exited with code 0
2022/05/12 05:53:53 [notice] 1#1: worker process 34 exited with code 0
2022/05/12 05:53:53 [notice] 1#1: worker process 37 exited with code 0
2022/05/12 05:53:53 [notice] 1#1: worker process 38 exited with code 0
2022/05/12 05:53:53 [notice] 1#1: exit
2022/05/12 05:53:54 [notice] 1#1: using the "epoll" event method
2022/05/12 05:53:54 [notice] 1#1: nginx/1.21.6
2022/05/12 05:53:54 [notice] 1#1: built by gcc 10.2.1 20210110 (Debian 10.2.1-6) 
2022/05/12 05:53:54 [notice] 1#1: OS: Linux 5.10.102.1-microsoft-standard-WSL2
2022/05/12 05:53:54 [notice] 1#1: getrlimit(RLIMIT_NOFILE): 1048576:1048576
2022/05/12 05:53:54 [notice] 1#1: start worker processes
2022/05/12 05:53:54 [notice] 1#1: start worker process 23
2022/05/12 05:53:54 [notice] 1#1: start worker process 24
2022/05/12 05:53:54 [notice] 1#1: start worker process 25
2022/05/12 05:53:54 [notice] 1#1: start worker process 26
2022/05/12 05:53:54 [notice] 1#1: start worker process 27
2022/05/12 05:53:54 [notice] 1#1: start worker process 28
2022/05/12 05:53:54 [notice] 1#1: start worker process 29
2022/05/12 05:53:54 [notice] 1#1: start worker process 30
2022/05/12 05:53:54 [notice] 1#1: start worker process 31
2022/05/12 05:53:54 [notice] 1#1: start worker process 32
2022/05/12 05:53:54 [notice] 1#1: start worker process 33
2022/05/12 05:53:54 [notice] 1#1: start worker process 34
2022/05/12 05:53:54 [notice] 1#1: start worker process 35
2022/05/12 05:53:54 [notice] 1#1: start worker process 36
2022/05/12 05:53:54 [notice] 1#1: start worker process 37
2022/05/12 05:53:54 [notice] 1#1: start worker process 38
2022/05/12 06:12:26 [notice] 1#1: signal 3 (SIGQUIT) received, shutting down
2022/05/12 06:12:26 [notice] 23#23: gracefully shutting down
2022/05/12 06:12:26 [notice] 35#35: gracefully shutting down
2022/05/12 06:12:26 [notice] 24#24: gracefully shutting down
2022/05/12 06:12:26 [notice] 25#25: gracefully shutting down
2022/05/12 06:12:26 [notice] 26#26: gracefully shutting down
2022/05/12 06:12:26 [notice] 27#27: gracefully shutting down
2022/05/12 06:12:26 [notice] 28#28: gracefully shutting down
2022/05/12 06:12:26 [notice] 29#29: gracefully shutting down
2022/05/12 06:12:26 [notice] 30#30: gracefully shutting down
2022/05/12 06:12:26 [notice] 31#31: gracefully shutting down
2022/05/12 06:12:26 [notice] 32#32: gracefully shutting down
2022/05/12 06:12:26 [notice] 33#33: gracefully shutting down
2022/05/12 06:12:26 [notice] 34#34: gracefully shutting down
2022/05/12 06:12:26 [notice] 36#36: gracefully shutting down
2022/05/12 06:12:26 [notice] 37#37: gracefully shutting down
2022/05/12 06:12:26 [notice] 38#38: gracefully shutting down
2022/05/12 06:12:26 [notice] 23#23: exiting
2022/05/12 06:12:26 [notice] 35#35: exiting
2022/05/12 06:12:26 [notice] 24#24: exiting
2022/05/12 06:12:26 [notice] 25#25: exiting
2022/05/12 06:12:26 [notice] 26#26: exiting
2022/05/12 06:12:26 [notice] 27#27: exiting
2022/05/12 06:12:26 [notice] 28#28: exiting
2022/05/12 06:12:26 [notice] 29#29: exiting
2022/05/12 06:12:26 [notice] 30#30: exiting
2022/05/12 06:12:26 [notice] 31#31: exiting
2022/05/12 06:12:26 [notice] 32#32: exiting
2022/05/12 06:12:26 [notice] 33#33: exiting
2022/05/12 06:12:26 [notice] 34#34: exiting
2022/05/12 06:12:26 [notice] 36#36: exiting
2022/05/12 06:12:26 [notice] 37#37: exiting
2022/05/12 06:12:26 [notice] 38#38: exiting
2022/05/12 06:12:26 [notice] 23#23: exit
2022/05/12 06:12:26 [notice] 35#35: exit
2022/05/12 06:12:26 [notice] 24#24: exit
2022/05/12 06:12:26 [notice] 25#25: exit
2022/05/12 06:12:26 [notice] 26#26: exit
2022/05/12 06:12:26 [notice] 27#27: exit
2022/05/12 06:12:26 [notice] 28#28: exit
2022/05/12 06:12:26 [notice] 29#29: exit
2022/05/12 06:12:26 [notice] 30#30: exit
2022/05/12 06:12:26 [notice] 31#31: exit
2022/05/12 06:12:26 [notice] 32#32: exit
2022/05/12 06:12:26 [notice] 33#33: exit
2022/05/12 06:12:26 [notice] 34#34: exit
2022/05/12 06:12:26 [notice] 36#36: exit
2022/05/12 06:12:26 [notice] 37#37: exit
2022/05/12 06:12:26 [notice] 38#38: exit
2022/05/12 06:12:26 [notice] 1#1: signal 17 (SIGCHLD) received from 34
2022/05/12 06:12:26 [notice] 1#1: worker process 30 exited with code 0
2022/05/12 06:12:26 [notice] 1#1: worker process 34 exited with code 0
2022/05/12 06:12:26 [notice] 1#1: signal 29 (SIGIO) received
2022/05/12 06:12:26 [notice] 1#1: signal 17 (SIGCHLD) received from 36
2022/05/12 06:12:26 [notice] 1#1: worker process 24 exited with code 0
2022/05/12 06:12:26 [notice] 1#1: worker process 27 exited with code 0
2022/05/12 06:12:26 [notice] 1#1: worker process 28 exited with code 0
2022/05/12 06:12:26 [notice] 1#1: worker process 29 exited with code 0
2022/05/12 06:12:26 [notice] 1#1: worker process 32 exited with code 0
2022/05/12 06:12:26 [notice] 1#1: worker process 35 exited with code 0
2022/05/12 06:12:26 [notice] 1#1: worker process 36 exited with code 0
2022/05/12 06:12:26 [notice] 1#1: worker process 38 exited with code 0
2022/05/12 06:12:26 [notice] 1#1: signal 29 (SIGIO) received
2022/05/12 06:12:26 [notice] 1#1: signal 17 (SIGCHLD) received from 35
2022/05/12 06:12:26 [notice] 1#1: signal 17 (SIGCHLD) received from 26
2022/05/12 06:12:26 [notice] 1#1: worker process 26 exited with code 0
2022/05/12 06:12:26 [notice] 1#1: signal 29 (SIGIO) received
2022/05/12 06:12:26 [notice] 1#1: signal 17 (SIGCHLD) received from 37
2022/05/12 06:12:26 [notice] 1#1: worker process 31 exited with code 0
2022/05/12 06:12:26 [notice] 1#1: worker process 37 exited with code 0
2022/05/12 06:12:26 [notice] 1#1: signal 29 (SIGIO) received
2022/05/12 06:12:26 [notice] 1#1: signal 17 (SIGCHLD) received from 25
2022/05/12 06:12:26 [notice] 1#1: worker process 23 exited with code 0
2022/05/12 06:12:26 [notice] 1#1: worker process 25 exited with code 0
2022/05/12 06:12:26 [notice] 1#1: worker process 33 exited with code 0
2022/05/12 06:12:26 [notice] 1#1: exit
2022/05/12 06:17:25 [notice] 1#1: using the "epoll" event method
2022/05/12 06:17:25 [notice] 1#1: nginx/1.21.6
2022/05/12 06:17:25 [notice] 1#1: built by gcc 10.2.1 20210110 (Debian 10.2.1-6) 
2022/05/12 06:17:25 [notice] 1#1: OS: Linux 5.10.102.1-microsoft-standard-WSL2
2022/05/12 06:17:25 [notice] 1#1: getrlimit(RLIMIT_NOFILE): 1048576:1048576
2022/05/12 06:17:25 [notice] 1#1: start worker processes
2022/05/12 06:17:25 [notice] 1#1: start worker process 23
2022/05/12 06:17:25 [notice] 1#1: start worker process 24
2022/05/12 06:17:25 [notice] 1#1: start worker process 25
2022/05/12 06:17:25 [notice] 1#1: start worker process 26
2022/05/12 06:17:25 [notice] 1#1: start worker process 27
2022/05/12 06:17:25 [notice] 1#1: start worker process 28
2022/05/12 06:17:25 [notice] 1#1: start worker process 29
2022/05/12 06:17:25 [notice] 1#1: start worker process 30
2022/05/12 06:17:25 [notice] 1#1: start worker process 31
2022/05/12 06:17:25 [notice] 1#1: start worker process 32
2022/05/12 06:17:25 [notice] 1#1: start worker process 33
2022/05/12 06:17:25 [notice] 1#1: start worker process 34
2022/05/12 06:17:25 [notice] 1#1: start worker process 35
2022/05/12 06:17:25 [notice] 1#1: start worker process 36
2022/05/12 06:17:25 [notice] 1#1: start worker process 37
2022/05/12 06:17:25 [notice] 1#1: start worker process 38
2022/05/12 08:38:40 [notice] 1#1: signal 3 (SIGQUIT) received, shutting down
2022/05/12 08:38:40 [notice] 23#23: gracefully shutting down
2022/05/12 08:38:40 [notice] 24#24: gracefully shutting down
2022/05/12 08:38:40 [notice] 37#37: gracefully shutting down
2022/05/12 08:38:40 [notice] 25#25: gracefully shutting down
2022/05/12 08:38:40 [notice] 26#26: gracefully shutting down
2022/05/12 08:38:40 [notice] 27#27: gracefully shutting down
2022/05/12 08:38:40 [notice] 28#28: gracefully shutting down
2022/05/12 08:38:40 [notice] 29#29: gracefully shutting down
2022/05/12 08:38:40 [notice] 30#30: gracefully shutting down
2022/05/12 08:38:40 [notice] 31#31: gracefully shutting down
2022/05/12 08:38:40 [notice] 33#33: gracefully shutting down
2022/05/12 08:38:40 [notice] 34#34: gracefully shutting down
2022/05/12 08:38:40 [notice] 32#32: gracefully shutting down
2022/05/12 08:38:40 [notice] 35#35: gracefully shutting down
2022/05/12 08:38:40 [notice] 36#36: gracefully shutting down
2022/05/12 08:38:40 [notice] 30#30: exiting
2022/05/12 08:38:40 [notice] 38#38: gracefully shutting down
2022/05/12 08:38:40 [notice] 23#23: exiting
2022/05/12 08:38:40 [notice] 24#24: exiting
2022/05/12 08:38:40 [notice] 36#36: exiting
2022/05/12 08:38:40 [notice] 37#37: exiting
2022/05/12 08:38:40 [notice] 25#25: exiting
2022/05/12 08:38:40 [notice] 27#27: exiting
2022/05/12 08:38:40 [notice] 26#26: exiting
2022/05/12 08:38:40 [notice] 29#29: exiting
2022/05/12 08:38:40 [notice] 28#28: exiting
2022/05/12 08:38:40 [notice] 30#30: exit
2022/05/12 08:38:40 [notice] 31#31: exiting
2022/05/12 08:38:40 [notice] 34#34: exiting
2022/05/12 08:38:40 [notice] 33#33: exiting
2022/05/12 08:38:40 [notice] 32#32: exiting
2022/05/12 08:38:40 [notice] 35#35: exiting
2022/05/12 08:38:40 [notice] 38#38: exiting
2022/05/12 08:38:40 [notice] 37#37: exit
2022/05/12 08:38:40 [notice] 34#34: exit
2022/05/12 08:38:40 [notice] 24#24: exit
2022/05/12 08:38:40 [notice] 27#27: exit
2022/05/12 08:38:40 [notice] 23#23: exit
2022/05/12 08:38:40 [notice] 25#25: exit
2022/05/12 08:38:40 [notice] 36#36: exit
2022/05/12 08:38:40 [notice] 26#26: exit
2022/05/12 08:38:40 [notice] 29#29: exit
2022/05/12 08:38:40 [notice] 28#28: exit
2022/05/12 08:38:40 [notice] 31#31: exit
2022/05/12 08:38:40 [notice] 32#32: exit
2022/05/12 08:38:40 [notice] 35#35: exit
2022/05/12 08:38:40 [notice] 33#33: exit
2022/05/12 08:38:40 [notice] 38#38: exit
2022/05/12 08:38:40 [notice] 1#1: signal 17 (SIGCHLD) received from 37
2022/05/12 08:38:40 [notice] 1#1: worker process 31 exited with code 0
2022/05/12 08:38:40 [notice] 1#1: worker process 25 exited with code 0
2022/05/12 08:38:40 [notice] 1#1: worker process 23 exited with code 0
2022/05/12 08:38:40 [notice] 1#1: worker process 26 exited with code 0
2022/05/12 08:38:40 [notice] 1#1: worker process 32 exited with code 0
2022/05/12 08:38:40 [notice] 1#1: worker process 34 exited with code 0
2022/05/12 08:38:40 [notice] 1#1: worker process 35 exited with code 0
2022/05/12 08:38:40 [notice] 1#1: worker process 36 exited with code 0
2022/05/12 08:38:40 [notice] 1#1: worker process 37 exited with code 0
2022/05/12 08:38:40 [notice] 1#1: signal 29 (SIGIO) received
2022/05/12 08:38:40 [notice] 1#1: signal 17 (SIGCHLD) received from 31
2022/05/12 08:38:40 [notice] 1#1: signal 17 (SIGCHLD) received from 27
2022/05/12 08:38:40 [notice] 1#1: worker process 24 exited with code 0
2022/05/12 08:38:40 [notice] 1#1: worker process 27 exited with code 0
2022/05/12 08:38:40 [notice] 1#1: worker process 28 exited with code 0
2022/05/12 08:38:40 [notice] 1#1: worker process 30 exited with code 0
2022/05/12 08:38:40 [notice] 1#1: signal 29 (SIGIO) received
2022/05/12 08:38:40 [notice] 1#1: signal 17 (SIGCHLD) received from 30
2022/05/12 08:38:40 [notice] 1#1: signal 17 (SIGCHLD) received from 33
2022/05/12 08:38:40 [notice] 1#1: worker process 33 exited with code 0
2022/05/12 08:38:40 [notice] 1#1: worker process 29 exited with code 0
2022/05/12 08:38:40 [notice] 1#1: worker process 38 exited with code 0
2022/05/12 08:38:40 [notice] 1#1: exit
2022/05/12 08:38:52 [notice] 1#1: using the "epoll" event method
2022/05/12 08:38:52 [notice] 1#1: nginx/1.21.6
2022/05/12 08:38:52 [notice] 1#1: built by gcc 10.2.1 20210110 (Debian 10.2.1-6) 
2022/05/12 08:38:52 [notice] 1#1: OS: Linux 5.10.102.1-microsoft-standard-WSL2
2022/05/12 08:38:52 [notice] 1#1: getrlimit(RLIMIT_NOFILE): 1048576:1048576
2022/05/12 08:38:52 [notice] 1#1: start worker processes
2022/05/12 08:38:52 [notice] 1#1: start worker process 23
2022/05/12 08:38:52 [notice] 1#1: start worker process 24
2022/05/12 08:38:52 [notice] 1#1: start worker process 25
2022/05/12 08:38:52 [notice] 1#1: start worker process 26
2022/05/12 08:38:52 [notice] 1#1: start worker process 27
2022/05/12 08:38:52 [notice] 1#1: start worker process 28
2022/05/12 08:38:52 [notice] 1#1: start worker process 29
2022/05/12 08:38:52 [notice] 1#1: start worker process 30
2022/05/12 08:38:52 [notice] 1#1: start worker process 31
2022/05/12 08:38:52 [notice] 1#1: start worker process 32
2022/05/12 08:38:52 [notice] 1#1: start worker process 33
2022/05/12 08:38:52 [notice] 1#1: start worker process 34
2022/05/12 08:38:52 [notice] 1#1: start worker process 35
2022/05/12 08:38:52 [notice] 1#1: start worker process 36
2022/05/12 08:38:52 [notice] 1#1: start worker process 37
2022/05/12 08:38:52 [notice] 1#1: start worker process 38
2022/05/12 08:54:58 [notice] 1#1: signal 3 (SIGQUIT) received, shutting down
2022/05/12 08:54:58 [notice] 23#23: gracefully shutting down
2022/05/12 08:54:58 [notice] 25#25: gracefully shutting down
2022/05/12 08:54:58 [notice] 24#24: gracefully shutting down
2022/05/12 08:54:58 [notice] 26#26: gracefully shutting down
2022/05/12 08:54:58 [notice] 27#27: gracefully shutting down
2022/05/12 08:54:58 [notice] 28#28: gracefully shutting down
2022/05/12 08:54:58 [notice] 29#29: gracefully shutting down
2022/05/12 08:54:58 [notice] 30#30: gracefully shutting down
2022/05/12 08:54:58 [notice] 31#31: gracefully shutting down
2022/05/12 08:54:58 [notice] 32#32: gracefully shutting down
2022/05/12 08:54:58 [notice] 33#33: gracefully shutting down
2022/05/12 08:54:58 [notice] 34#34: gracefully shutting down
2022/05/12 08:54:58 [notice] 35#35: gracefully shutting down
2022/05/12 08:54:58 [notice] 36#36: gracefully shutting down
2022/05/12 08:54:58 [notice] 37#37: gracefully shutting down
2022/05/12 08:54:58 [notice] 38#38: gracefully shutting down
2022/05/12 08:54:58 [notice] 23#23: exiting
2022/05/12 08:54:58 [notice] 25#25: exiting
2022/05/12 08:54:58 [notice] 24#24: exiting
2022/05/12 08:54:58 [notice] 26#26: exiting
2022/05/12 08:54:58 [notice] 27#27: exiting
2022/05/12 08:54:58 [notice] 28#28: exiting
2022/05/12 08:54:58 [notice] 29#29: exiting
2022/05/12 08:54:58 [notice] 30#30: exiting
2022/05/12 08:54:58 [notice] 31#31: exiting
2022/05/12 08:54:58 [notice] 32#32: exiting
2022/05/12 08:54:58 [notice] 33#33: exiting
2022/05/12 08:54:58 [notice] 34#34: exiting
2022/05/12 08:54:58 [notice] 35#35: exiting
2022/05/12 08:54:58 [notice] 36#36: exiting
2022/05/12 08:54:58 [notice] 37#37: exiting
2022/05/12 08:54:58 [notice] 38#38: exiting
2022/05/12 08:54:58 [notice] 23#23: exit
2022/05/12 08:54:58 [notice] 25#25: exit
2022/05/12 08:54:58 [notice] 24#24: exit
2022/05/12 08:54:58 [notice] 26#26: exit
2022/05/12 08:54:58 [notice] 27#27: exit
2022/05/12 08:54:58 [notice] 28#28: exit
2022/05/12 08:54:58 [notice] 29#29: exit
2022/05/12 08:54:58 [notice] 30#30: exit
2022/05/12 08:54:58 [notice] 31#31: exit
2022/05/12 08:54:58 [notice] 32#32: exit
2022/05/12 08:54:58 [notice] 33#33: exit
2022/05/12 08:54:58 [notice] 34#34: exit
2022/05/12 08:54:58 [notice] 35#35: exit
2022/05/12 08:54:58 [notice] 36#36: exit
2022/05/12 08:54:58 [notice] 37#37: exit
2022/05/12 08:54:58 [notice] 38#38: exit
2022/05/12 08:54:58 [notice] 1#1: signal 17 (SIGCHLD) received from 38
2022/05/12 08:54:58 [notice] 1#1: worker process 38 exited with code 0
2022/05/12 08:54:58 [notice] 1#1: signal 29 (SIGIO) received
2022/05/12 08:54:58 [notice] 1#1: signal 17 (SIGCHLD) received from 27
2022/05/12 08:54:58 [notice] 1#1: worker process 27 exited with code 0
2022/05/12 08:54:58 [notice] 1#1: signal 29 (SIGIO) received
2022/05/12 08:54:58 [notice] 1#1: signal 17 (SIGCHLD) received from 25
2022/05/12 08:54:58 [notice] 1#1: worker process 23 exited with code 0
2022/05/12 08:54:58 [notice] 1#1: worker process 25 exited with code 0
2022/05/12 08:54:58 [notice] 1#1: worker process 30 exited with code 0
2022/05/12 08:54:58 [notice] 1#1: worker process 34 exited with code 0
2022/05/12 08:54:58 [notice] 1#1: worker process 35 exited with code 0
2022/05/12 08:54:58 [notice] 1#1: worker process 37 exited with code 0
2022/05/12 08:54:58 [notice] 1#1: signal 29 (SIGIO) received
2022/05/12 08:54:58 [notice] 1#1: signal 17 (SIGCHLD) received from 36
2022/05/12 08:54:58 [notice] 1#1: worker process 24 exited with code 0
2022/05/12 08:54:58 [notice] 1#1: worker process 26 exited with code 0
2022/05/12 08:54:58 [notice] 1#1: worker process 29 exited with code 0
2022/05/12 08:54:58 [notice] 1#1: worker process 31 exited with code 0
2022/05/12 08:54:58 [notice] 1#1: worker process 33 exited with code 0
2022/05/12 08:54:58 [notice] 1#1: worker process 36 exited with code 0
2022/05/12 08:54:58 [notice] 1#1: signal 29 (SIGIO) received
2022/05/12 08:54:58 [notice] 1#1: signal 17 (SIGCHLD) received from 29
2022/05/12 08:54:58 [notice] 1#1: signal 17 (SIGCHLD) received from 32
2022/05/12 08:54:58 [notice] 1#1: worker process 28 exited with code 0
2022/05/12 08:54:58 [notice] 1#1: worker process 32 exited with code 0
2022/05/12 08:54:58 [notice] 1#1: exit
2022/05/12 08:55:09 [notice] 1#1: using the "epoll" event method
2022/05/12 08:55:09 [notice] 1#1: nginx/1.21.6
2022/05/12 08:55:09 [notice] 1#1: built by gcc 10.2.1 20210110 (Debian 10.2.1-6) 
2022/05/12 08:55:09 [notice] 1#1: OS: Linux 5.10.102.1-microsoft-standard-WSL2
2022/05/12 08:55:09 [notice] 1#1: getrlimit(RLIMIT_NOFILE): 1048576:1048576
2022/05/12 08:55:09 [notice] 1#1: start worker processes
2022/05/12 08:55:09 [notice] 1#1: start worker process 23
2022/05/12 08:55:09 [notice] 1#1: start worker process 24
2022/05/12 08:55:09 [notice] 1#1: start worker process 25
2022/05/12 08:55:09 [notice] 1#1: start worker process 26
2022/05/12 08:55:09 [notice] 1#1: start worker process 27
2022/05/12 08:55:09 [notice] 1#1: start worker process 28
2022/05/12 08:55:09 [notice] 1#1: start worker process 29
2022/05/12 08:55:09 [notice] 1#1: start worker process 30
2022/05/12 08:55:09 [notice] 1#1: start worker process 31
2022/05/12 08:55:09 [notice] 1#1: start worker process 32
2022/05/12 08:55:09 [notice] 1#1: start worker process 33
2022/05/12 08:55:09 [notice] 1#1: start worker process 34
2022/05/12 08:55:09 [notice] 1#1: start worker process 35
2022/05/12 08:55:09 [notice] 1#1: start worker process 36
2022/05/12 08:55:09 [notice] 1#1: start worker process 37
2022/05/12 08:55:09 [notice] 1#1: start worker process 38
2022/05/12 08:58:38 [notice] 1#1: signal 3 (SIGQUIT) received, shutting down
2022/05/12 08:58:38 [notice] 23#23: gracefully shutting down
2022/05/12 08:58:38 [notice] 25#25: gracefully shutting down
2022/05/12 08:58:38 [notice] 24#24: gracefully shutting down
2022/05/12 08:58:38 [notice] 26#26: gracefully shutting down
2022/05/12 08:58:38 [notice] 27#27: gracefully shutting down
2022/05/12 08:58:38 [notice] 28#28: gracefully shutting down
2022/05/12 08:58:38 [notice] 29#29: gracefully shutting down
2022/05/12 08:58:38 [notice] 30#30: gracefully shutting down
2022/05/12 08:58:38 [notice] 30#30: exiting
2022/05/12 08:58:38 [notice] 32#32: gracefully shutting down
2022/05/12 08:58:38 [notice] 31#31: gracefully shutting down
2022/05/12 08:58:38 [notice] 33#33: gracefully shutting down
2022/05/12 08:58:38 [notice] 34#34: gracefully shutting down
2022/05/12 08:58:38 [notice] 36#36: gracefully shutting down
2022/05/12 08:58:38 [notice] 35#35: gracefully shutting down
2022/05/12 08:58:38 [notice] 37#37: gracefully shutting down
2022/05/12 08:58:38 [notice] 38#38: gracefully shutting down
2022/05/12 08:58:38 [notice] 23#23: exiting
2022/05/12 08:58:38 [notice] 25#25: exiting
2022/05/12 08:58:38 [notice] 24#24: exiting
2022/05/12 08:58:38 [notice] 26#26: exiting
2022/05/12 08:58:38 [notice] 27#27: exiting
2022/05/12 08:58:38 [notice] 28#28: exiting
2022/05/12 08:58:38 [notice] 29#29: exiting
2022/05/12 08:58:38 [notice] 30#30: exit
2022/05/12 08:58:38 [notice] 32#32: exiting
2022/05/12 08:58:38 [notice] 31#31: exiting
2022/05/12 08:58:38 [notice] 33#33: exiting
2022/05/12 08:58:38 [notice] 34#34: exiting
2022/05/12 08:58:38 [notice] 36#36: exiting
2022/05/12 08:58:38 [notice] 35#35: exiting
2022/05/12 08:58:38 [notice] 37#37: exiting
2022/05/12 08:58:38 [notice] 38#38: exiting
2022/05/12 08:58:38 [notice] 23#23: exit
2022/05/12 08:58:38 [notice] 25#25: exit
2022/05/12 08:58:38 [notice] 24#24: exit
2022/05/12 08:58:38 [notice] 26#26: exit
2022/05/12 08:58:38 [notice] 27#27: exit
2022/05/12 08:58:38 [notice] 28#28: exit
2022/05/12 08:58:38 [notice] 29#29: exit
2022/05/12 08:58:38 [notice] 32#32: exit
2022/05/12 08:58:38 [notice] 31#31: exit
2022/05/12 08:58:38 [notice] 33#33: exit
2022/05/12 08:58:38 [notice] 34#34: exit
2022/05/12 08:58:38 [notice] 36#36: exit
2022/05/12 08:58:38 [notice] 35#35: exit
2022/05/12 08:58:38 [notice] 37#37: exit
2022/05/12 08:58:38 [notice] 38#38: exit
2022/05/12 08:58:38 [notice] 1#1: signal 17 (SIGCHLD) received from 29
2022/05/12 08:58:38 [notice] 1#1: worker process 27 exited with code 0
2022/05/12 08:58:38 [notice] 1#1: worker process 29 exited with code 0
2022/05/12 08:58:38 [notice] 1#1: signal 29 (SIGIO) received
2022/05/12 08:58:38 [notice] 1#1: signal 17 (SIGCHLD) received from 35
2022/05/12 08:58:38 [notice] 1#1: worker process 23 exited with code 0
2022/05/12 08:58:38 [notice] 1#1: worker process 26 exited with code 0
2022/05/12 08:58:38 [notice] 1#1: worker process 32 exited with code 0
2022/05/12 08:58:38 [notice] 1#1: worker process 35 exited with code 0
2022/05/12 08:58:38 [notice] 1#1: worker process 36 exited with code 0
2022/05/12 08:58:38 [notice] 1#1: signal 29 (SIGIO) received
2022/05/12 08:58:38 [notice] 1#1: signal 17 (SIGCHLD) received from 23
2022/05/12 08:58:38 [notice] 1#1: signal 17 (SIGCHLD) received from 24
2022/05/12 08:58:38 [notice] 1#1: worker process 24 exited with code 0
2022/05/12 08:58:38 [notice] 1#1: worker process 28 exited with code 0
2022/05/12 08:58:38 [notice] 1#1: worker process 30 exited with code 0
2022/05/12 08:58:38 [notice] 1#1: worker process 33 exited with code 0
2022/05/12 08:58:38 [notice] 1#1: worker process 38 exited with code 0
2022/05/12 08:58:38 [notice] 1#1: signal 29 (SIGIO) received
2022/05/12 08:58:38 [notice] 1#1: signal 17 (SIGCHLD) received from 28
2022/05/12 08:58:39 [notice] 1#1: signal 17 (SIGCHLD) received from 31
2022/05/12 08:58:39 [notice] 1#1: worker process 25 exited with code 0
2022/05/12 08:58:39 [notice] 1#1: worker process 31 exited with code 0
2022/05/12 08:58:39 [notice] 1#1: worker process 37 exited with code 0
2022/05/12 08:58:39 [notice] 1#1: signal 29 (SIGIO) received
2022/05/12 08:58:39 [notice] 1#1: signal 17 (SIGCHLD) received from 34
2022/05/12 08:58:39 [notice] 1#1: worker process 34 exited with code 0
2022/05/12 08:58:39 [notice] 1#1: exit
2022/05/12 09:00:22 [notice] 1#1: using the "epoll" event method
2022/05/12 09:00:22 [notice] 1#1: nginx/1.21.6
2022/05/12 09:00:22 [notice] 1#1: built by gcc 10.2.1 20210110 (Debian 10.2.1-6) 
2022/05/12 09:00:22 [notice] 1#1: OS: Linux 5.10.102.1-microsoft-standard-WSL2
2022/05/12 09:00:22 [notice] 1#1: getrlimit(RLIMIT_NOFILE): 1048576:1048576
2022/05/12 09:00:22 [notice] 1#1: start worker processes
2022/05/12 09:00:22 [notice] 1#1: start worker process 22
2022/05/12 09:00:22 [notice] 1#1: start worker process 23
2022/05/12 09:00:22 [notice] 1#1: start worker process 24
2022/05/12 09:00:22 [notice] 1#1: start worker process 25
2022/05/12 09:00:22 [notice] 1#1: start worker process 26
2022/05/12 09:00:22 [notice] 1#1: start worker process 27
2022/05/12 09:00:22 [notice] 1#1: start worker process 28
2022/05/12 09:00:22 [notice] 1#1: start worker process 29
2022/05/12 09:00:22 [notice] 1#1: start worker process 30
2022/05/12 09:00:22 [notice] 1#1: start worker process 31
2022/05/12 09:00:22 [notice] 1#1: start worker process 32
2022/05/12 09:00:22 [notice] 1#1: start worker process 33
2022/05/12 09:00:22 [notice] 1#1: start worker process 34
2022/05/12 09:00:22 [notice] 1#1: start worker process 35
2022/05/12 09:00:22 [notice] 1#1: start worker process 36
2022/05/12 09:00:22 [notice] 1#1: start worker process 37
2022/05/12 09:02:00 [notice] 1#1: signal 3 (SIGQUIT) received, shutting down
2022/05/12 09:02:00 [notice] 22#22: gracefully shutting down
2022/05/12 09:02:00 [notice] 23#23: gracefully shutting down
2022/05/12 09:02:00 [notice] 24#24: gracefully shutting down
2022/05/12 09:02:00 [notice] 25#25: gracefully shutting down
2022/05/12 09:02:00 [notice] 27#27: gracefully shutting down
2022/05/12 09:02:00 [notice] 26#26: gracefully shutting down
2022/05/12 09:02:00 [notice] 30#30: gracefully shutting down
2022/05/12 09:02:00 [notice] 29#29: gracefully shutting down
2022/05/12 09:02:00 [notice] 28#28: gracefully shutting down
2022/05/12 09:02:00 [notice] 32#32: gracefully shutting down
2022/05/12 09:02:00 [notice] 31#31: gracefully shutting down
2022/05/12 09:02:00 [notice] 33#33: gracefully shutting down
2022/05/12 09:02:00 [notice] 34#34: gracefully shutting down
2022/05/12 09:02:00 [notice] 35#35: gracefully shutting down
2022/05/12 09:02:00 [notice] 36#36: gracefully shutting down
2022/05/12 09:02:00 [notice] 37#37: gracefully shutting down
2022/05/12 09:02:00 [notice] 22#22: exiting
2022/05/12 09:02:00 [notice] 23#23: exiting
2022/05/12 09:02:00 [notice] 24#24: exiting
2022/05/12 09:02:00 [notice] 25#25: exiting
2022/05/12 09:02:00 [notice] 27#27: exiting
2022/05/12 09:02:00 [notice] 26#26: exiting
2022/05/12 09:02:00 [notice] 30#30: exiting
2022/05/12 09:02:00 [notice] 29#29: exiting
2022/05/12 09:02:00 [notice] 28#28: exiting
2022/05/12 09:02:00 [notice] 32#32: exiting
2022/05/12 09:02:00 [notice] 31#31: exiting
2022/05/12 09:02:00 [notice] 33#33: exiting
2022/05/12 09:02:00 [notice] 34#34: exiting
2022/05/12 09:02:00 [notice] 35#35: exiting
2022/05/12 09:02:00 [notice] 36#36: exiting
2022/05/12 09:02:00 [notice] 37#37: exiting
2022/05/12 09:02:00 [notice] 22#22: exit
2022/05/12 09:02:00 [notice] 23#23: exit
2022/05/12 09:02:00 [notice] 24#24: exit
2022/05/12 09:02:00 [notice] 25#25: exit
2022/05/12 09:02:00 [notice] 27#27: exit
2022/05/12 09:02:00 [notice] 26#26: exit
2022/05/12 09:02:00 [notice] 30#30: exit
2022/05/12 09:02:00 [notice] 29#29: exit
2022/05/12 09:02:00 [notice] 28#28: exit
2022/05/12 09:02:00 [notice] 32#32: exit
2022/05/12 09:02:00 [notice] 31#31: exit
2022/05/12 09:02:00 [notice] 33#33: exit
2022/05/12 09:02:00 [notice] 34#34: exit
2022/05/12 09:02:00 [notice] 35#35: exit
2022/05/12 09:02:00 [notice] 36#36: exit
2022/05/12 09:02:00 [notice] 37#37: exit
2022/05/12 09:02:00 [notice] 1#1: signal 17 (SIGCHLD) received from 34
2022/05/12 09:02:00 [notice] 1#1: worker process 34 exited with code 0
2022/05/12 09:02:00 [notice] 1#1: worker process 36 exited with code 0
2022/05/12 09:02:00 [notice] 1#1: signal 29 (SIGIO) received
2022/05/12 09:02:00 [notice] 1#1: signal 17 (SIGCHLD) received from 28
2022/05/12 09:02:00 [notice] 1#1: worker process 28 exited with code 0
2022/05/12 09:02:00 [notice] 1#1: signal 29 (SIGIO) received
2022/05/12 09:02:00 [notice] 1#1: signal 17 (SIGCHLD) received from 29
2022/05/12 09:02:00 [notice] 1#1: worker process 24 exited with code 0
2022/05/12 09:02:00 [notice] 1#1: worker process 29 exited with code 0
2022/05/12 09:02:00 [notice] 1#1: worker process 31 exited with code 0
2022/05/12 09:02:00 [notice] 1#1: worker process 35 exited with code 0
2022/05/12 09:02:00 [notice] 1#1: signal 29 (SIGIO) received
2022/05/12 09:02:00 [notice] 1#1: signal 17 (SIGCHLD) received from 31
2022/05/12 09:02:00 [notice] 1#1: signal 17 (SIGCHLD) received from 30
2022/05/12 09:02:00 [notice] 1#1: worker process 30 exited with code 0
2022/05/12 09:02:00 [notice] 1#1: worker process 33 exited with code 0
2022/05/12 09:02:00 [notice] 1#1: signal 29 (SIGIO) received
2022/05/12 09:02:00 [notice] 1#1: signal 17 (SIGCHLD) received from 33
2022/05/12 09:02:00 [notice] 1#1: signal 17 (SIGCHLD) received from 37
2022/05/12 09:02:00 [notice] 1#1: worker process 22 exited with code 0
2022/05/12 09:02:00 [notice] 1#1: worker process 25 exited with code 0
2022/05/12 09:02:00 [notice] 1#1: worker process 27 exited with code 0
2022/05/12 09:02:00 [notice] 1#1: worker process 32 exited with code 0
2022/05/12 09:02:00 [notice] 1#1: worker process 37 exited with code 0
2022/05/12 09:02:00 [notice] 1#1: signal 29 (SIGIO) received
2022/05/12 09:02:00 [notice] 1#1: signal 17 (SIGCHLD) received from 32
2022/05/12 09:02:00 [notice] 1#1: signal 17 (SIGCHLD) received from 23
2022/05/12 09:02:00 [notice] 1#1: worker process 23 exited with code 0
2022/05/12 09:02:00 [notice] 1#1: worker process 26 exited with code 0
2022/05/12 09:02:00 [notice] 1#1: exit
2022/05/12 09:30:52 [notice] 1#1: using the "epoll" event method
2022/05/12 09:30:52 [notice] 1#1: nginx/1.21.6
2022/05/12 09:30:52 [notice] 1#1: built by gcc 10.2.1 20210110 (Debian 10.2.1-6) 
2022/05/12 09:30:52 [notice] 1#1: OS: Linux 5.10.102.1-microsoft-standard-WSL2
2022/05/12 09:30:52 [notice] 1#1: getrlimit(RLIMIT_NOFILE): 1048576:1048576
2022/05/12 09:30:52 [notice] 1#1: start worker processes
2022/05/12 09:30:52 [notice] 1#1: start worker process 22
2022/05/12 09:30:52 [notice] 1#1: start worker process 23
2022/05/12 09:30:52 [notice] 1#1: start worker process 24
2022/05/12 09:30:52 [notice] 1#1: start worker process 25
2022/05/12 09:30:52 [notice] 1#1: start worker process 26
2022/05/12 09:30:52 [notice] 1#1: start worker process 27
2022/05/12 09:30:52 [notice] 1#1: start worker process 28
2022/05/12 09:30:52 [notice] 1#1: start worker process 29
2022/05/12 09:30:52 [notice] 1#1: start worker process 30
2022/05/12 09:30:52 [notice] 1#1: start worker process 31
2022/05/12 09:30:52 [notice] 1#1: start worker process 32
2022/05/12 09:30:52 [notice] 1#1: start worker process 33
2022/05/12 09:30:52 [notice] 1#1: start worker process 34
2022/05/12 09:30:52 [notice] 1#1: start worker process 35
2022/05/12 09:30:52 [notice] 1#1: start worker process 36
2022/05/12 09:30:52 [notice] 1#1: start worker process 37
2022/05/12 09:31:40 [notice] 1#1: signal 3 (SIGQUIT) received, shutting down
2022/05/12 09:31:40 [notice] 22#22: gracefully shutting down
2022/05/12 09:31:40 [notice] 37#37: gracefully shutting down
2022/05/12 09:31:40 [notice] 24#24: gracefully shutting down
2022/05/12 09:31:40 [notice] 23#23: gracefully shutting down
2022/05/12 09:31:40 [notice] 25#25: gracefully shutting down
2022/05/12 09:31:40 [notice] 25#25: exiting
2022/05/12 09:31:40 [notice] 26#26: gracefully shutting down
2022/05/12 09:31:40 [notice] 27#27: gracefully shutting down
2022/05/12 09:31:40 [notice] 28#28: gracefully shutting down
2022/05/12 09:31:40 [notice] 29#29: gracefully shutting down
2022/05/12 09:31:40 [notice] 30#30: gracefully shutting down
2022/05/12 09:31:40 [notice] 32#32: gracefully shutting down
2022/05/12 09:31:40 [notice] 33#33: gracefully shutting down
2022/05/12 09:31:40 [notice] 31#31: gracefully shutting down
2022/05/12 09:31:40 [notice] 34#34: gracefully shutting down
2022/05/12 09:31:40 [notice] 36#36: gracefully shutting down
2022/05/12 09:31:40 [notice] 35#35: gracefully shutting down
2022/05/12 09:31:40 [notice] 22#22: exiting
2022/05/12 09:31:40 [notice] 37#37: exiting
2022/05/12 09:31:40 [notice] 24#24: exiting
2022/05/12 09:31:40 [notice] 23#23: exiting
2022/05/12 09:31:40 [notice] 25#25: exit
2022/05/12 09:31:40 [notice] 26#26: exiting
2022/05/12 09:31:40 [notice] 27#27: exiting
2022/05/12 09:31:40 [notice] 28#28: exiting
2022/05/12 09:31:40 [notice] 29#29: exiting
2022/05/12 09:31:40 [notice] 30#30: exiting
2022/05/12 09:31:40 [notice] 32#32: exiting
2022/05/12 09:31:40 [notice] 33#33: exiting
2022/05/12 09:31:40 [notice] 31#31: exiting
2022/05/12 09:31:40 [notice] 34#34: exiting
2022/05/12 09:31:40 [notice] 36#36: exiting
2022/05/12 09:31:40 [notice] 35#35: exiting
2022/05/12 09:31:40 [notice] 22#22: exit
2022/05/12 09:31:40 [notice] 37#37: exit
2022/05/12 09:31:40 [notice] 24#24: exit
2022/05/12 09:31:40 [notice] 23#23: exit
2022/05/12 09:31:40 [notice] 26#26: exit
2022/05/12 09:31:40 [notice] 27#27: exit
2022/05/12 09:31:40 [notice] 28#28: exit
2022/05/12 09:31:40 [notice] 29#29: exit
2022/05/12 09:31:40 [notice] 30#30: exit
2022/05/12 09:31:40 [notice] 32#32: exit
2022/05/12 09:31:40 [notice] 33#33: exit
2022/05/12 09:31:40 [notice] 31#31: exit
2022/05/12 09:31:40 [notice] 34#34: exit
2022/05/12 09:31:40 [notice] 36#36: exit
2022/05/12 09:31:40 [notice] 35#35: exit
2022/05/12 09:31:40 [notice] 1#1: signal 17 (SIGCHLD) received from 31
2022/05/12 09:31:40 [notice] 1#1: worker process 28 exited with code 0
2022/05/12 09:31:40 [notice] 1#1: worker process 31 exited with code 0
2022/05/12 09:31:40 [notice] 1#1: signal 29 (SIGIO) received
2022/05/12 09:31:40 [notice] 1#1: signal 17 (SIGCHLD) received from 36
2022/05/12 09:31:40 [notice] 1#1: worker process 36 exited with code 0
2022/05/12 09:31:40 [notice] 1#1: signal 29 (SIGIO) received
2022/05/12 09:31:40 [notice] 1#1: signal 17 (SIGCHLD) received from 32
2022/05/12 09:31:40 [notice] 1#1: worker process 25 exited with code 0
2022/05/12 09:31:40 [notice] 1#1: worker process 32 exited with code 0
2022/05/12 09:31:40 [notice] 1#1: signal 29 (SIGIO) received
2022/05/12 09:31:40 [notice] 1#1: signal 17 (SIGCHLD) received from 35
2022/05/12 09:31:40 [notice] 1#1: worker process 23 exited with code 0
2022/05/12 09:31:40 [notice] 1#1: worker process 24 exited with code 0
2022/05/12 09:31:40 [notice] 1#1: worker process 35 exited with code 0
2022/05/12 09:31:40 [notice] 1#1: signal 29 (SIGIO) received
2022/05/12 09:31:40 [notice] 1#1: signal 17 (SIGCHLD) received from 30
2022/05/12 09:31:40 [notice] 1#1: worker process 30 exited with code 0
2022/05/12 09:31:40 [notice] 1#1: signal 29 (SIGIO) received
2022/05/12 09:31:40 [notice] 1#1: signal 17 (SIGCHLD) received from 29
2022/05/12 09:31:40 [notice] 1#1: worker process 26 exited with code 0
2022/05/12 09:31:40 [notice] 1#1: worker process 29 exited with code 0
2022/05/12 09:31:40 [notice] 1#1: worker process 33 exited with code 0
2022/05/12 09:31:40 [notice] 1#1: worker process 37 exited with code 0
2022/05/12 09:31:40 [notice] 1#1: signal 29 (SIGIO) received
2022/05/12 09:31:40 [notice] 1#1: signal 17 (SIGCHLD) received from 26
2022/05/12 09:31:40 [notice] 1#1: signal 17 (SIGCHLD) received from 22
2022/05/12 09:31:40 [notice] 1#1: worker process 22 exited with code 0
2022/05/12 09:31:40 [notice] 1#1: signal 29 (SIGIO) received
2022/05/12 09:31:40 [notice] 1#1: signal 17 (SIGCHLD) received from 27
2022/05/12 09:31:40 [notice] 1#1: worker process 27 exited with code 0
2022/05/12 09:31:40 [notice] 1#1: worker process 34 exited with code 0
2022/05/12 09:31:40 [notice] 1#1: exit
2022/05/17 21:14:06 [notice] 1#1: using the "epoll" event method
2022/05/17 21:14:06 [notice] 1#1: nginx/1.21.6
2022/05/17 21:14:06 [notice] 1#1: built by gcc 10.2.1 20210110 (Debian 10.2.1-6) 
2022/05/17 21:14:06 [notice] 1#1: OS: Linux 5.10.102.1-microsoft-standard-WSL2
2022/05/17 21:14:06 [notice] 1#1: getrlimit(RLIMIT_NOFILE): 1048576:1048576
2022/05/17 21:14:06 [notice] 1#1: start worker processes
2022/05/17 21:14:06 [notice] 1#1: start worker process 22
2022/05/17 21:14:06 [notice] 1#1: start worker process 23
2022/05/17 21:14:06 [notice] 1#1: start worker process 24
2022/05/17 21:14:06 [notice] 1#1: start worker process 25
2022/05/17 21:14:06 [notice] 1#1: start worker process 26
2022/05/17 21:14:06 [notice] 1#1: start worker process 27
2022/05/17 21:14:06 [notice] 1#1: start worker process 28
2022/05/17 21:14:06 [notice] 1#1: start worker process 29
2022/05/17 21:14:06 [notice] 1#1: start worker process 30
2022/05/17 21:14:06 [notice] 1#1: start worker process 31
2022/05/17 21:14:06 [notice] 1#1: start worker process 32
2022/05/17 21:14:06 [notice] 1#1: start worker process 33
2022/05/17 21:14:06 [notice] 1#1: start worker process 34
2022/05/17 21:14:06 [notice] 1#1: start worker process 35
2022/05/17 21:14:06 [notice] 1#1: start worker process 36
2022/05/17 21:14:06 [notice] 1#1: start worker process 37
2022/05/17 21:20:42 [notice] 1#1: signal 3 (SIGQUIT) received, shutting down
2022/05/17 21:20:42 [notice] 22#22: gracefully shutting down
2022/05/17 21:20:42 [notice] 33#33: gracefully shutting down
2022/05/17 21:20:42 [notice] 23#23: gracefully shutting down
2022/05/17 21:20:42 [notice] 23#23: exiting
2022/05/17 21:20:42 [notice] 24#24: gracefully shutting down
2022/05/17 21:20:42 [notice] 25#25: gracefully shutting down
2022/05/17 21:20:42 [notice] 26#26: gracefully shutting down
2022/05/17 21:20:42 [notice] 27#27: gracefully shutting down
2022/05/17 21:20:42 [notice] 29#29: gracefully shutting down
2022/05/17 21:20:42 [notice] 28#28: gracefully shutting down
2022/05/17 21:20:42 [notice] 30#30: gracefully shutting down
2022/05/17 21:20:42 [notice] 31#31: gracefully shutting down
2022/05/17 21:20:42 [notice] 32#32: gracefully shutting down
2022/05/17 21:20:42 [notice] 35#35: gracefully shutting down
2022/05/17 21:20:42 [notice] 34#34: gracefully shutting down
2022/05/17 21:20:42 [notice] 36#36: gracefully shutting down
2022/05/17 21:20:42 [notice] 22#22: exiting
2022/05/17 21:20:42 [notice] 37#37: gracefully shutting down
2022/05/17 21:20:42 [notice] 33#33: exiting
2022/05/17 21:20:42 [notice] 23#23: exit
2022/05/17 21:20:42 [notice] 24#24: exiting
2022/05/17 21:20:42 [notice] 25#25: exiting
2022/05/17 21:20:42 [notice] 26#26: exiting
2022/05/17 21:20:42 [notice] 27#27: exiting
2022/05/17 21:20:42 [notice] 29#29: exiting
2022/05/17 21:20:42 [notice] 28#28: exiting
2022/05/17 21:20:42 [notice] 30#30: exiting
2022/05/17 21:20:42 [notice] 31#31: exiting
2022/05/17 21:20:42 [notice] 32#32: exiting
2022/05/17 21:20:42 [notice] 35#35: exiting
2022/05/17 21:20:42 [notice] 34#34: exiting
2022/05/17 21:20:42 [notice] 36#36: exiting
2022/05/17 21:20:42 [notice] 22#22: exit
2022/05/17 21:20:42 [notice] 37#37: exiting
2022/05/17 21:20:42 [notice] 33#33: exit
2022/05/17 21:20:42 [notice] 24#24: exit
2022/05/17 21:20:42 [notice] 25#25: exit
2022/05/17 21:20:42 [notice] 26#26: exit
2022/05/17 21:20:42 [notice] 27#27: exit
2022/05/17 21:20:42 [notice] 29#29: exit
2022/05/17 21:20:42 [notice] 28#28: exit
2022/05/17 21:20:42 [notice] 30#30: exit
2022/05/17 21:20:42 [notice] 31#31: exit
2022/05/17 21:20:42 [notice] 32#32: exit
2022/05/17 21:20:42 [notice] 35#35: exit
2022/05/17 21:20:42 [notice] 34#34: exit
2022/05/17 21:20:42 [notice] 36#36: exit
2022/05/17 21:20:42 [notice] 37#37: exit
2022/05/17 21:20:42 [notice] 1#1: signal 17 (SIGCHLD) received from 37
2022/05/17 21:20:42 [notice] 1#1: worker process 37 exited with code 0
2022/05/17 21:20:42 [notice] 1#1: signal 29 (SIGIO) received
2022/05/17 21:20:42 [notice] 1#1: signal 17 (SIGCHLD) received from 25
2022/05/17 21:20:42 [notice] 1#1: worker process 25 exited with code 0
2022/05/17 21:20:42 [notice] 1#1: worker process 29 exited with code 0
2022/05/17 21:20:42 [notice] 1#1: signal 29 (SIGIO) received
2022/05/17 21:20:42 [notice] 1#1: signal 17 (SIGCHLD) received from 33
2022/05/17 21:20:42 [notice] 1#1: worker process 30 exited with code 0
2022/05/17 21:20:42 [notice] 1#1: worker process 33 exited with code 0
2022/05/17 21:20:42 [notice] 1#1: signal 29 (SIGIO) received
2022/05/17 21:20:42 [notice] 1#1: signal 17 (SIGCHLD) received from 36
2022/05/17 21:20:42 [notice] 1#1: worker process 24 exited with code 0
2022/05/17 21:20:42 [notice] 1#1: worker process 31 exited with code 0
2022/05/17 21:20:42 [notice] 1#1: worker process 36 exited with code 0
2022/05/17 21:20:42 [notice] 1#1: signal 29 (SIGIO) received
2022/05/17 21:20:42 [notice] 1#1: signal 17 (SIGCHLD) received from 31
2022/05/17 21:20:42 [notice] 1#1: signal 17 (SIGCHLD) received from 27
2022/05/17 21:20:42 [notice] 1#1: worker process 22 exited with code 0
2022/05/17 21:20:42 [notice] 1#1: worker process 23 exited with code 0
2022/05/17 21:20:42 [notice] 1#1: worker process 26 exited with code 0
2022/05/17 21:20:42 [notice] 1#1: worker process 27 exited with code 0
2022/05/17 21:20:42 [notice] 1#1: worker process 28 exited with code 0
2022/05/17 21:20:42 [notice] 1#1: worker process 32 exited with code 0
2022/05/17 21:20:42 [notice] 1#1: worker process 34 exited with code 0
2022/05/17 21:20:42 [notice] 1#1: worker process 35 exited with code 0
2022/05/17 21:20:42 [notice] 1#1: exit
2022/05/17 21:27:07 [warn] 1#1: conflicting server name "localhost" on 0.0.0.0:2022, ignored
2022/05/17 21:27:07 [notice] 1#1: using the "epoll" event method
2022/05/17 21:27:07 [notice] 1#1: nginx/1.21.6
2022/05/17 21:27:07 [notice] 1#1: built by gcc 10.2.1 20210110 (Debian 10.2.1-6) 
2022/05/17 21:27:07 [notice] 1#1: OS: Linux 5.10.102.1-microsoft-standard-WSL2
2022/05/17 21:27:07 [notice] 1#1: getrlimit(RLIMIT_NOFILE): 1048576:1048576
2022/05/17 21:27:07 [notice] 1#1: start worker processes
2022/05/17 21:27:07 [notice] 1#1: start worker process 23
2022/05/17 21:27:07 [notice] 1#1: start worker process 24
2022/05/17 21:27:07 [notice] 1#1: start worker process 25
2022/05/17 21:27:07 [notice] 1#1: start worker process 26
2022/05/17 21:27:07 [notice] 1#1: start worker process 27
2022/05/17 21:27:07 [notice] 1#1: start worker process 28
2022/05/17 21:27:07 [notice] 1#1: start worker process 29
2022/05/17 21:27:07 [notice] 1#1: start worker process 30
2022/05/17 21:27:07 [notice] 1#1: start worker process 31
2022/05/17 21:27:07 [notice] 1#1: start worker process 32
2022/05/17 21:27:07 [notice] 1#1: start worker process 33
2022/05/17 21:27:07 [notice] 1#1: start worker process 34
2022/05/17 21:27:07 [notice] 1#1: start worker process 35
2022/05/17 21:27:07 [notice] 1#1: start worker process 36
2022/05/17 21:27:07 [notice] 1#1: start worker process 37
2022/05/17 21:27:07 [notice] 1#1: start worker process 38
2022/05/17 21:51:46 [notice] 1#1: signal 3 (SIGQUIT) received, shutting down
2022/05/17 21:51:46 [notice] 23#23: gracefully shutting down
2022/05/17 21:51:46 [notice] 24#24: gracefully shutting down
2022/05/17 21:51:46 [notice] 24#24: exiting
2022/05/17 21:51:46 [notice] 25#25: gracefully shutting down
2022/05/17 21:51:46 [notice] 26#26: gracefully shutting down
2022/05/17 21:51:46 [notice] 27#27: gracefully shutting down
2022/05/17 21:51:46 [notice] 29#29: gracefully shutting down
2022/05/17 21:51:46 [notice] 28#28: gracefully shutting down
2022/05/17 21:51:46 [notice] 30#30: gracefully shutting down
2022/05/17 21:51:46 [notice] 31#31: gracefully shutting down
2022/05/17 21:51:46 [notice] 32#32: gracefully shutting down
2022/05/17 21:51:46 [notice] 33#33: gracefully shutting down
2022/05/17 21:51:46 [notice] 34#34: gracefully shutting down
2022/05/17 21:51:46 [notice] 35#35: gracefully shutting down
2022/05/17 21:51:46 [notice] 36#36: gracefully shutting down
2022/05/17 21:51:46 [notice] 37#37: gracefully shutting down
2022/05/17 21:51:46 [notice] 38#38: gracefully shutting down
2022/05/17 21:51:46 [notice] 23#23: exiting
2022/05/17 21:51:46 [notice] 24#24: exit
2022/05/17 21:51:46 [notice] 25#25: exiting
2022/05/17 21:51:46 [notice] 26#26: exiting
2022/05/17 21:51:46 [notice] 27#27: exiting
2022/05/17 21:51:46 [notice] 29#29: exiting
2022/05/17 21:51:46 [notice] 28#28: exiting
2022/05/17 21:51:46 [notice] 30#30: exiting
2022/05/17 21:51:46 [notice] 31#31: exiting
2022/05/17 21:51:46 [notice] 32#32: exiting
2022/05/17 21:51:46 [notice] 33#33: exiting
2022/05/17 21:51:46 [notice] 34#34: exiting
2022/05/17 21:51:46 [notice] 35#35: exiting
2022/05/17 21:51:46 [notice] 36#36: exiting
2022/05/17 21:51:46 [notice] 37#37: exiting
2022/05/17 21:51:46 [notice] 38#38: exiting
2022/05/17 21:51:46 [notice] 23#23: exit
2022/05/17 21:51:46 [notice] 25#25: exit
2022/05/17 21:51:46 [notice] 26#26: exit
2022/05/17 21:51:46 [notice] 27#27: exit
2022/05/17 21:51:46 [notice] 29#29: exit
2022/05/17 21:51:46 [notice] 28#28: exit
2022/05/17 21:51:46 [notice] 30#30: exit
2022/05/17 21:51:46 [notice] 31#31: exit
2022/05/17 21:51:46 [notice] 32#32: exit
2022/05/17 21:51:46 [notice] 33#33: exit
2022/05/17 21:51:46 [notice] 34#34: exit
2022/05/17 21:51:46 [notice] 35#35: exit
2022/05/17 21:51:46 [notice] 36#36: exit
2022/05/17 21:51:46 [notice] 37#37: exit
2022/05/17 21:51:46 [notice] 38#38: exit
2022/05/17 21:51:46 [notice] 1#1: signal 17 (SIGCHLD) received from 28
2022/05/17 21:51:46 [notice] 1#1: worker process 23 exited with code 0
2022/05/17 21:51:46 [notice] 1#1: worker process 28 exited with code 0
2022/05/17 21:51:46 [notice] 1#1: signal 29 (SIGIO) received
2022/05/17 21:51:46 [notice] 1#1: signal 17 (SIGCHLD) received from 34
2022/05/17 21:51:46 [notice] 1#1: worker process 34 exited with code 0
2022/05/17 21:51:46 [notice] 1#1: signal 29 (SIGIO) received
2022/05/17 21:51:46 [notice] 1#1: signal 17 (SIGCHLD) received from 32
2022/05/17 21:51:46 [notice] 1#1: worker process 26 exited with code 0
2022/05/17 21:51:46 [notice] 1#1: worker process 30 exited with code 0
2022/05/17 21:51:46 [notice] 1#1: worker process 32 exited with code 0
2022/05/17 21:51:46 [notice] 1#1: worker process 35 exited with code 0
2022/05/17 21:51:46 [notice] 1#1: worker process 36 exited with code 0
2022/05/17 21:51:46 [notice] 1#1: worker process 38 exited with code 0
2022/05/17 21:51:46 [notice] 1#1: signal 29 (SIGIO) received
2022/05/17 21:51:46 [notice] 1#1: signal 17 (SIGCHLD) received from 35
2022/05/17 21:51:46 [notice] 1#1: signal 17 (SIGCHLD) received from 37
2022/05/17 21:51:46 [notice] 1#1: worker process 25 exited with code 0
2022/05/17 21:51:46 [notice] 1#1: worker process 29 exited with code 0
2022/05/17 21:51:46 [notice] 1#1: worker process 31 exited with code 0
2022/05/17 21:51:46 [notice] 1#1: worker process 33 exited with code 0
2022/05/17 21:51:46 [notice] 1#1: worker process 37 exited with code 0
2022/05/17 21:51:46 [notice] 1#1: signal 29 (SIGIO) received
2022/05/17 21:51:46 [notice] 1#1: signal 17 (SIGCHLD) received from 31
2022/05/17 21:51:46 [notice] 1#1: signal 17 (SIGCHLD) received from 24
2022/05/17 21:51:46 [notice] 1#1: worker process 24 exited with code 0
2022/05/17 21:51:46 [notice] 1#1: signal 29 (SIGIO) received
2022/05/17 21:51:46 [notice] 1#1: signal 17 (SIGCHLD) received from 27
2022/05/17 21:51:46 [notice] 1#1: worker process 27 exited with code 0
2022/05/17 21:51:46 [notice] 1#1: exit
2022/05/17 21:52:52 [notice] 1#1: using the "epoll" event method
2022/05/17 21:52:52 [notice] 1#1: nginx/1.21.6
2022/05/17 21:52:52 [notice] 1#1: built by gcc 10.2.1 20210110 (Debian 10.2.1-6) 
2022/05/17 21:52:52 [notice] 1#1: OS: Linux 5.10.102.1-microsoft-standard-WSL2
2022/05/17 21:52:52 [notice] 1#1: getrlimit(RLIMIT_NOFILE): 1048576:1048576
2022/05/17 21:52:52 [notice] 1#1: start worker processes
2022/05/17 21:52:52 [notice] 1#1: start worker process 23
2022/05/17 21:52:52 [notice] 1#1: start worker process 24
2022/05/17 21:52:52 [notice] 1#1: start worker process 25
2022/05/17 21:52:52 [notice] 1#1: start worker process 26
2022/05/17 21:52:52 [notice] 1#1: start worker process 27
2022/05/17 21:52:52 [notice] 1#1: start worker process 28
2022/05/17 21:52:52 [notice] 1#1: start worker process 29
2022/05/17 21:52:52 [notice] 1#1: start worker process 30
2022/05/17 21:52:52 [notice] 1#1: start worker process 31
2022/05/17 21:52:52 [notice] 1#1: start worker process 32
2022/05/17 21:52:52 [notice] 1#1: start worker process 33
2022/05/17 21:52:52 [notice] 1#1: start worker process 34
2022/05/17 21:52:52 [notice] 1#1: start worker process 35
2022/05/17 21:52:52 [notice] 1#1: start worker process 36
2022/05/17 21:52:52 [notice] 1#1: start worker process 37
2022/05/17 21:52:52 [notice] 1#1: start worker process 38
